2026-05-26 16:04:30 | ELO_calculator            | INFO     | Calculating ELO ratings for 8337 fights…
2026-05-26 16:04:30 | ELO_calculator            | INFO     | ELO calculation complete.
2026-05-26 16:04:30 | ELO_calculator            | INFO     | Calculating ELO ratings for 8337 fights…
2026-05-26 16:04:30 | ELO_calculator            | INFO     | ELO calculation complete.
2026-05-26 16:04:30 | ELO_calculator            | INFO     | Calculating ELO ratings for 8337 fights…
2026-05-26 16:04:31 | ELO_calculator            | INFO     | ELO calculation complete.
2026-05-26 16:04:31 | ELO_calculator            | INFO     | Computing current ELO ratings for 8337 fights…
2026-05-26 16:04:31 | ELO_calculator            | INFO     | Current ratings computed for 2611 fighters.
2026-05-26 16:04:31 | ELO_calculator            | INFO     | Computing current ELO ratings for 8337 fights…
2026-05-26 16:04:31 | ELO_calculator            | INFO     | Current ratings computed for 2611 fighters.
2026-05-26 16:11:58 | pipeline                  | INFO     | UFC Predictor Pipeline  —  steps: [4, 5, 6]
2026-05-26 16:11:58 | pipeline                  | INFO     | 
2026-05-26 16:11:58 | pipeline                  | INFO     | ━━━━━━━━━━━━━━━━━━━━━━━━━━━━━━━━━━━━━━━━━━━━━━━━━━━━━━━
2026-05-26 16:11:58 | pipeline                  | INFO     |   Step 4 / 6 — Generate ML feature dataset
2026-05-26 16:11:58 | pipeline                  | INFO     | ━━━━━━━━━━━━━━━━━━━━━━━━━━━━━━━━━━━━━━━━━━━━━━━━━━━━━━━
2026-05-26 16:11:58 | pipeline                  | INFO     |   Importing ML_models.ML_data_preparation.main()…
2026-05-26 16:12:01 | ML_models.ML_data_preparation | INFO     | Connecting to database: C:\Users\35193\Projects\ufc-predictor\database_builder_files\ufc_v2.db
2026-05-26 16:12:01 | ML_models.ML_data_preparation | INFO     | Querying fight data…
2026-05-26 16:12:02 | ML_models.ML_data_preparation | INFO     | Raw fight data shape: (8190, 112)
2026-05-26 16:12:02 | ML_models.ML_data_preparation | INFO     | Building ELO features…
2026-05-26 16:12:02 | ML_models.ELO_calculator  | INFO     | Calculating ELO ratings for 8337 fights…
2026-05-26 16:12:02 | ML_models.ELO_calculator  | INFO     | ELO calculation complete.
2026-05-26 16:12:02 | ML_models.ML_data_preparation | INFO     | Computing 51 difference features…
2026-05-26 16:12:02 | ML_models.ML_data_preparation | INFO     | Final ML dataset shape: (8190, 56)
2026-05-26 16:12:02 | ML_models.ML_data_preparation | INFO     | Saving dataset to: C:\Users\35193\Projects\ufc-predictor\ML_models\ufc_ml_data_with_debuts_and_elo.csv
2026-05-26 16:12:03 | ML_models.ML_data_preparation | INFO     | Done. 8190 rows, 56 columns.
2026-05-26 16:12:03 | pipeline                  | INFO     | 
2026-05-26 16:12:03 | pipeline                  | INFO     | ━━━━━━━━━━━━━━━━━━━━━━━━━━━━━━━━━━━━━━━━━━━━━━━━━━━━━━━
2026-05-26 16:12:03 | pipeline                  | INFO     |   Step 5 / 6 — Train XGBoost model
2026-05-26 16:12:03 | pipeline                  | INFO     | ━━━━━━━━━━━━━━━━━━━━━━━━━━━━━━━━━━━━━━━━━━━━━━━━━━━━━━━
2026-05-26 16:12:03 | pipeline                  | INFO     |   Importing ML_models.XGBoost.main()…
2026-05-26 16:12:12 | pipeline                  | ERROR    | Step failed: No module named 'seaborn'
Traceback (most recent call last):
  File "C:\Users\35193\Projects\ufc-predictor\run_pipeline.py", line 123, in _run_import
    mod  = importlib.import_module(module)
  File "C:\Users\35193\AppData\Local\Python\pythoncore-3.14-64\Lib\importlib\__init__.py", line 88, in import_module
    return _bootstrap._gcd_import(name[level:], package, level)
           ~~~~~~~~~~~~~~~~~~~~~~^^^^^^^^^^^^^^^^^^^^^^^^^^^^^^
  File "<frozen importlib._bootstrap>", line 1398, in _gcd_import
  File "<frozen importlib._bootstrap>", line 1371, in _find_and_load
  File "<frozen importlib._bootstrap>", line 1342, in _find_and_load_unlocked
  File "<frozen importlib._bootstrap>", line 938, in _load_unlocked
  File "<frozen importlib._bootstrap_external>", line 759, in exec_module
  File "<frozen importlib._bootstrap>", line 491, in _call_with_frames_removed
  File "C:\Users\35193\Projects\ufc-predictor\ML_models\XGBoost.py", line 11, in <module>
    import seaborn as sns
ModuleNotFoundError: No module named 'seaborn'
2026-05-26 16:12:12 | pipeline                  | ERROR    | Pipeline stopped at step 5.
2026-05-26 16:12:12 | pipeline                  | INFO     | 
2026-05-26 16:12:12 | pipeline                  | INFO     | ━━━━━━━━━━━━━━━━━━━━━━━━━━━━━━━━━━━━━━━━━━━━━━━━━━━━━━━
2026-05-26 16:12:12 | pipeline                  | INFO     |   Pipeline Summary  (14.3 s total)
2026-05-26 16:12:12 | pipeline                  | INFO     | ━━━━━━━━━━━━━━━━━━━━━━━━━━━━━━━━━━━━━━━━━━━━━━━━━━━━━━━
2026-05-26 16:12:12 | pipeline                  | INFO     |   ✓  Step 4 — Generate ML feature dataset  →  OK  (5.0s)
2026-05-26 16:12:12 | pipeline                  | INFO     |   ✗  Step 5 — Train XGBoost model  →  FAILED  (9.3s)
2026-05-26 16:13:54 | pipeline                  | INFO     | UFC Predictor Pipeline  —  steps: [5, 6]
2026-05-26 16:13:54 | pipeline                  | INFO     | 
2026-05-26 16:13:54 | pipeline                  | INFO     | ━━━━━━━━━━━━━━━━━━━━━━━━━━━━━━━━━━━━━━━━━━━━━━━━━━━━━━━
2026-05-26 16:13:54 | pipeline                  | INFO     |   Step 5 / 6 — Train XGBoost model
2026-05-26 16:13:54 | pipeline                  | INFO     | ━━━━━━━━━━━━━━━━━━━━━━━━━━━━━━━━━━━━━━━━━━━━━━━━━━━━━━━
2026-05-26 16:13:54 | pipeline                  | INFO     |   Importing ML_models.XGBoost.main()…
2026-05-26 16:13:56 | ML_models.XGBoost         | INFO     | Loading data from C:\Users\35193\Projects\ufc-predictor\ML_models\ufc_ml_data_with_debuts_and_elo.csv…
2026-05-26 16:13:56 | ML_models.XGBoost         | INFO     | Loaded 8190 rows × 56 columns.
2026-05-26 16:13:56 | ML_models.XGBoost         | INFO     | Running 5-fold TimeSeriesSplit cross-validation…
2026-05-26 16:13:56 | ML_models.XGBoost         | INFO     |   Fold 1: 63.52%
2026-05-26 16:13:57 | ML_models.XGBoost         | INFO     |   Fold 2: 63.30%
2026-05-26 16:13:57 | ML_models.XGBoost         | INFO     |   Fold 3: 61.61%
2026-05-26 16:13:57 | ML_models.XGBoost         | INFO     |   Fold 4: 62.12%
2026-05-26 16:13:58 | ML_models.XGBoost         | INFO     |   Fold 5: 64.54%
2026-05-26 16:13:58 | ML_models.XGBoost         | INFO     | CV Mean: 63.02%  ± 1.04%
2026-05-26 16:13:58 | ML_models.XGBoost         | INFO     | Train: 6552 fights  (up to 2022-06-25)
2026-05-26 16:13:58 | ML_models.XGBoost         | INFO     | Test:  1638 fights  (from 2022-06-25)
2026-05-26 16:13:58 | ML_models.XGBoost         | INFO     | Training XGBoost model…
2026-05-26 16:13:59 | ML_models.XGBoost         | INFO     | Test Accuracy:    65.26%
2026-05-26 16:13:59 | ML_models.XGBoost         | INFO     | Mean CV Accuracy: 63.02% ± 1.04%
2026-05-26 16:14:21 | ML_models.XGBoost         | INFO     | Sample prediction — Actual: Red | Predicted: Blue (54.5%)
2026-05-26 16:14:21 | ML_models.XGBoost         | INFO     | Saving model artifacts to C:\Users\35193\Projects\ufc-predictor\models…
2026-05-26 16:14:21 | ML_models.XGBoost         | INFO     | Saved: xgboost.joblib
2026-05-26 16:14:21 | ML_models.XGBoost         | INFO     | Saved: xgb_features.joblib
2026-05-26 16:14:21 | pipeline                  | INFO     | 
2026-05-26 16:14:21 | pipeline                  | INFO     | ━━━━━━━━━━━━━━━━━━━━━━━━━━━━━━━━━━━━━━━━━━━━━━━━━━━━━━━
2026-05-26 16:14:21 | pipeline                  | INFO     |   Step 6 / 6 — Train Logistic Regression model
2026-05-26 16:14:21 | pipeline                  | INFO     | ━━━━━━━━━━━━━━━━━━━━━━━━━━━━━━━━━━━━━━━━━━━━━━━━━━━━━━━
2026-05-26 16:14:21 | pipeline                  | INFO     |   Importing ML_models.logistic_regression.main()…
2026-05-26 16:14:21 | ML_models.logistic_regression | INFO     | Loading data from C:\Users\35193\Projects\ufc-predictor\ML_models\ufc_ml_data_with_debuts_and_elo.csv…
2026-05-26 16:14:21 | ML_models.logistic_regression | INFO     | Loaded 8190 rows × 56 columns.
2026-05-26 16:14:21 | ML_models.logistic_regression | INFO     | Running 5-fold TimeSeriesSplit cross-validation…
2026-05-26 16:14:22 | ML_models.logistic_regression | INFO     |   Fold 1: 62.34%
2026-05-26 16:14:22 | ML_models.logistic_regression | INFO     |   Fold 2: 63.81%
2026-05-26 16:14:22 | ML_models.logistic_regression | INFO     |   Fold 3: 60.59%
2026-05-26 16:14:22 | ML_models.logistic_regression | INFO     |   Fold 4: 60.37%
2026-05-26 16:14:22 | ML_models.logistic_regression | INFO     |   Fold 5: 66.30%
2026-05-26 16:14:22 | ML_models.logistic_regression | INFO     | CV Mean: 62.68%  ± 2.20%
2026-05-26 16:14:23 | ML_models.logistic_regression | INFO     | Split — Train: 11466  Cal: 819  Test: 1638
2026-05-26 16:14:23 | ML_models.logistic_regression | INFO     | Training Logistic Regression…
2026-05-26 16:14:23 | ML_models.logistic_regression | INFO     | Calibrating probabilities…
2026-05-26 16:14:23 | pipeline                  | ERROR    | Step failed: The 'cv' parameter of CalibratedClassifierCV must be an int in the range [2, inf), an object implementing 'split' and 'get_n_splits', an iterable or None. Got 'prefit' instead.
Traceback (most recent call last):
  File "C:\Users\35193\Projects\ufc-predictor\run_pipeline.py", line 125, in _run_import
    func()
    ~~~~^^
  File "C:\Users\35193\Projects\ufc-predictor\ML_models\logistic_regression.py", line 190, in main
    calibrated.fit(X_cal_s, y_cal)
    ~~~~~~~~~~~~~~^^^^^^^^^^^^^^^^
  File "C:\Users\35193\AppData\Local\Python\pythoncore-3.14-64\Lib\site-packages\sklearn\base.py", line 1329, in wrapper
    estimator._validate_params()
    ~~~~~~~~~~~~~~~~~~~~~~~~~~^^
  File "C:\Users\35193\AppData\Local\Python\pythoncore-3.14-64\Lib\site-packages\sklearn\base.py", line 492, in _validate_params
    validate_parameter_constraints(
    ~~~~~~~~~~~~~~~~~~~~~~~~~~~~~~^
        self._parameter_constraints,
        ^^^^^^^^^^^^^^^^^^^^^^^^^^^^
        self.get_params(deep=False),
        ^^^^^^^^^^^^^^^^^^^^^^^^^^^^
        caller_name=self.__class__.__name__,
        ^^^^^^^^^^^^^^^^^^^^^^^^^^^^^^^^^^^^
    )
    ^
  File "C:\Users\35193\AppData\Local\Python\pythoncore-3.14-64\Lib\site-packages\sklearn\utils\_param_validation.py", line 98, in validate_parameter_constraints
    raise InvalidParameterError(
    ...<2 lines>...
    )
sklearn.utils._param_validation.InvalidParameterError: The 'cv' parameter of CalibratedClassifierCV must be an int in the range [2, inf), an object implementing 'split' and 'get_n_splits', an iterable or None. Got 'prefit' instead.
2026-05-26 16:14:23 | pipeline                  | ERROR    | Pipeline stopped at step 6.
2026-05-26 16:14:23 | pipeline                  | INFO     | 
2026-05-26 16:14:23 | pipeline                  | INFO     | ━━━━━━━━━━━━━━━━━━━━━━━━━━━━━━━━━━━━━━━━━━━━━━━━━━━━━━━
2026-05-26 16:14:23 | pipeline                  | INFO     |   Pipeline Summary  (29.3 s total)
2026-05-26 16:14:23 | pipeline                  | INFO     | ━━━━━━━━━━━━━━━━━━━━━━━━━━━━━━━━━━━━━━━━━━━━━━━━━━━━━━━
2026-05-26 16:14:23 | pipeline                  | INFO     |   ✓  Step 5 — Train XGBoost model  →  OK  (27.3s)
2026-05-26 16:14:23 | pipeline                  | INFO     |   ✗  Step 6 — Train Logistic Regression model  →  FAILED  (2.0s)
2026-05-26 16:26:06 | pipeline                  | INFO     | UFC Predictor Pipeline  —  steps: [6]
2026-05-26 16:26:06 | pipeline                  | INFO     | 
2026-05-26 16:26:06 | pipeline                  | INFO     | ━━━━━━━━━━━━━━━━━━━━━━━━━━━━━━━━━━━━━━━━━━━━━━━━━━━━━━━
2026-05-26 16:26:06 | pipeline                  | INFO     |   Step 6 / 6 — Train Logistic Regression model
2026-05-26 16:26:06 | pipeline                  | INFO     | ━━━━━━━━━━━━━━━━━━━━━━━━━━━━━━━━━━━━━━━━━━━━━━━━━━━━━━━
2026-05-26 16:26:06 | pipeline                  | INFO     |   Importing ML_models.logistic_regression.main()…
2026-05-26 16:26:08 | ML_models.logistic_regression | INFO     | Loading data from C:\Users\35193\Projects\ufc-predictor\ML_models\ufc_ml_data_with_debuts_and_elo.csv…
2026-05-26 16:26:08 | ML_models.logistic_regression | INFO     | Loaded 8190 rows × 56 columns.
2026-05-26 16:26:08 | ML_models.logistic_regression | INFO     | Running 5-fold TimeSeriesSplit cross-validation…
2026-05-26 16:26:08 | ML_models.logistic_regression | INFO     |   Fold 1: 62.34%
2026-05-26 16:26:08 | ML_models.logistic_regression | INFO     |   Fold 2: 63.81%
2026-05-26 16:26:08 | ML_models.logistic_regression | INFO     |   Fold 3: 60.59%
2026-05-26 16:26:09 | ML_models.logistic_regression | INFO     |   Fold 4: 60.37%
2026-05-26 16:26:09 | ML_models.logistic_regression | INFO     |   Fold 5: 66.30%
2026-05-26 16:26:09 | ML_models.logistic_regression | INFO     | CV Mean: 62.68%  ± 2.20%
2026-05-26 16:26:09 | ML_models.logistic_regression | INFO     | Split — Train: 11466  Cal: 819  Test: 1638
2026-05-26 16:26:09 | ML_models.logistic_regression | INFO     | Training Logistic Regression…
2026-05-26 16:26:09 | ML_models.logistic_regression | INFO     | Calibrating probabilities (Platt scaling)…
2026-05-26 16:26:09 | ML_models.logistic_regression | INFO     | Test Accuracy:    62.94%
2026-05-26 16:26:09 | ML_models.logistic_regression | INFO     | Brier score  — before calibration: 0.2181  after: 0.2220
2026-05-26 16:26:09 | ML_models.logistic_regression | INFO     | Mean CV Accuracy: 62.68% ± 2.20%
2026-05-26 16:26:34 | ML_models.logistic_regression | INFO     | Sample prediction — Actual: Red | Predicted: Red (56.3%)
2026-05-26 16:26:34 | ML_models.logistic_regression | INFO     | Saving model artifacts to C:\Users\35193\Projects\ufc-predictor\models…
2026-05-26 16:26:34 | ML_models.logistic_regression | INFO     | Saved: logistic_regression.joblib, lr_scaler.joblib, lr_features.joblib
2026-05-26 16:26:34 | pipeline                  | INFO     | 
2026-05-26 16:26:34 | pipeline                  | INFO     | ━━━━━━━━━━━━━━━━━━━━━━━━━━━━━━━━━━━━━━━━━━━━━━━━━━━━━━━
2026-05-26 16:26:34 | pipeline                  | INFO     |   Pipeline Summary  (27.8 s total)
2026-05-26 16:26:34 | pipeline                  | INFO     | ━━━━━━━━━━━━━━━━━━━━━━━━━━━━━━━━━━━━━━━━━━━━━━━━━━━━━━━
2026-05-26 16:26:34 | pipeline                  | INFO     |   ✓  Step 6 — Train Logistic Regression model  →  OK  (27.8s)
2026-05-26 16:26:58 | ELO_calculator            | INFO     | Calculating ELO ratings for 8337 fights…
2026-05-26 16:26:59 | ELO_calculator            | INFO     | ELO calculation complete.
2026-05-26 16:26:59 | ELO_calculator            | INFO     | Calculating ELO ratings for 8337 fights…
2026-05-26 16:26:59 | ELO_calculator            | INFO     | ELO calculation complete.
2026-05-26 16:26:59 | ELO_calculator            | INFO     | Calculating ELO ratings for 8337 fights…
2026-05-26 16:26:59 | ELO_calculator            | INFO     | ELO calculation complete.
2026-05-26 16:26:59 | ELO_calculator            | INFO     | Computing current ELO ratings for 8337 fights…
2026-05-26 16:27:00 | ELO_calculator            | INFO     | Current ratings computed for 2611 fighters.
2026-05-26 16:27:00 | ELO_calculator            | INFO     | Computing current ELO ratings for 8337 fights…
2026-05-26 16:27:00 | ELO_calculator            | INFO     | Current ratings computed for 2611 fighters.
2026-05-26 16:27:47 | ELO_calculator            | INFO     | Calculating ELO ratings for 8337 fights…
2026-05-26 16:27:47 | ELO_calculator            | INFO     | ELO calculation complete.
2026-05-26 16:27:47 | ELO_calculator            | INFO     | Calculating ELO ratings for 8337 fights…
2026-05-26 16:27:48 | ELO_calculator            | INFO     | ELO calculation complete.
2026-05-26 16:27:48 | ELO_calculator            | INFO     | Calculating ELO ratings for 8337 fights…
2026-05-26 16:27:48 | ELO_calculator            | INFO     | ELO calculation complete.
2026-05-26 16:27:48 | ELO_calculator            | INFO     | Computing current ELO ratings for 8337 fights…
2026-05-26 16:27:49 | ELO_calculator            | INFO     | Current ratings computed for 2611 fighters.
2026-05-26 16:27:49 | ELO_calculator            | INFO     | Computing current ELO ratings for 8337 fights…
2026-05-26 16:27:49 | ELO_calculator            | INFO     | Current ratings computed for 2611 fighters.
2026-05-26 16:29:39 | __main__                  | INFO     | Computing current ELO ratings…
2026-05-26 16:29:54 | __main__                  | INFO     | Computing current ELO ratings…
2026-05-26 16:30:18 | __main__                  | INFO     | Computing current ELO ratings…
2026-05-26 16:30:20 | __main__                  | INFO     | Computing current ELO ratings…
2026-05-26 16:46:28 | __main__                  | INFO     | Connecting to database: C:\Users\35193\Projects\ufc-predictor\database_builder_files\ufc_v2.db
2026-05-26 16:46:28 | __main__                  | INFO     | Querying fight data…
2026-05-26 16:46:28 | __main__                  | INFO     | Raw fight data shape: (8190, 114)
2026-05-26 16:46:28 | __main__                  | INFO     | Building ELO features…
2026-05-26 16:46:28 | ML_models.ELO_calculator  | INFO     | Calculating ELO ratings for 8337 fights…
2026-05-26 16:46:28 | ML_models.ELO_calculator  | INFO     | ELO calculation complete.
2026-05-26 16:46:29 | __main__                  | INFO     | Computing recent form (window=3)…
2026-05-26 16:46:31 | __main__                  | INFO     | Computing 54 difference features…
2026-05-26 16:46:31 | __main__                  | INFO     | Adding age features…
2026-05-26 16:46:31 | __main__                  | INFO     | Adding style features…
2026-05-26 16:46:31 | __main__                  | INFO     | Adding division one-hot features…
2026-05-26 16:46:31 | __main__                  | INFO     | Final ML dataset shape: (8190, 77)
2026-05-26 16:46:31 | __main__                  | INFO     | Saving dataset to: C:\Users\35193\Projects\ufc-predictor\ML_models\ufc_ml_data_with_debuts_and_elo.csv
2026-05-26 16:46:32 | __main__                  | INFO     | Done. 8190 rows, 77 columns.
2026-05-26 16:46:32 | __main__                  | INFO     | New feature columns (19): ['recent_win_rate_diff', 'recent_finish_rate_diff', 'age_diff', 'grapple_ratio_diff', 'strike_ratio_diff', 'wrestler_vs_striker', 'div_womens_strawweight', 'div_womens_flyweight', 'div_womens_bantamweight', 'div_womens_featherweight', 'div_flyweight', 'div_bantamweight', 'div_featherweight', 'div_lightweight', 'div_welterweight', 'div_middleweight', 'div_light_heavyweight', 'div_heavyweight', 'title_fight']
2026-05-26 16:49:32 | __main__                  | INFO     | Loading data from C:\Users\35193\Projects\ufc-predictor\ML_models\ufc_ml_data_with_debuts_and_elo.csv…
2026-05-26 16:49:32 | __main__                  | INFO     | Loaded 8190 rows × 77 columns.
2026-05-26 16:49:32 | __main__                  | INFO     | Running 5-fold TimeSeriesSplit cross-validation…
2026-05-26 16:49:33 | __main__                  | INFO     |   Fold 1: 64.69%
2026-05-26 16:49:33 | __main__                  | INFO     |   Fold 2: 65.86%
2026-05-26 16:49:34 | __main__                  | INFO     |   Fold 3: 62.49%
2026-05-26 16:49:34 | __main__                  | INFO     |   Fold 4: 63.37%
2026-05-26 16:49:35 | __main__                  | INFO     |   Fold 5: 65.64%
2026-05-26 16:49:35 | __main__                  | INFO     | CV Mean: 64.41%  ± 1.30%
2026-05-26 16:49:35 | __main__                  | INFO     | Train: 6552 fights  (up to 2022-06-25)
2026-05-26 16:49:35 | __main__                  | INFO     | Test:  1638 fights  (from 2022-06-25)
2026-05-26 16:49:35 | __main__                  | INFO     | Training XGBoost model…
2026-05-26 16:49:35 | __main__                  | INFO     | Test Accuracy:    65.87%
2026-05-26 16:49:35 | __main__                  | INFO     | Mean CV Accuracy: 64.41% ± 1.30%
2026-05-26 16:50:31 | __main__                  | INFO     | Sample prediction — Actual: Red | Predicted: Red (50.5%)
2026-05-26 16:50:31 | __main__                  | INFO     | Saving model artifacts to C:\Users\35193\Projects\ufc-predictor\models…
2026-05-26 16:50:31 | __main__                  | INFO     | Saved: xgboost.joblib
2026-05-26 16:50:31 | __main__                  | INFO     | Saved: xgb_features.joblib
2026-05-26 16:50:43 | __main__                  | INFO     | Loading data from C:\Users\35193\Projects\ufc-predictor\ML_models\ufc_ml_data_with_debuts_and_elo.csv…
2026-05-26 16:50:43 | __main__                  | INFO     | Loaded 8190 rows × 77 columns.
2026-05-26 16:50:43 | __main__                  | INFO     | Running 5-fold TimeSeriesSplit cross-validation…
2026-05-26 16:50:43 | __main__                  | INFO     |   Fold 1: 63.37%
2026-05-26 16:50:43 | __main__                  | INFO     |   Fold 2: 64.62%
2026-05-26 16:50:44 | __main__                  | INFO     |   Fold 3: 62.34%
2026-05-26 16:50:44 | __main__                  | INFO     |   Fold 4: 61.10%
2026-05-26 16:50:44 | __main__                  | INFO     |   Fold 5: 66.89%
2026-05-26 16:50:44 | __main__                  | INFO     | CV Mean: 63.66%  ± 1.98%
2026-05-26 16:50:44 | __main__                  | INFO     | Split — Train: 11466  Cal: 819  Test: 1638
2026-05-26 16:50:44 | __main__                  | INFO     | Training Logistic Regression…
2026-05-26 16:50:44 | __main__                  | INFO     | Calibrating probabilities (Platt scaling)…
2026-05-26 16:50:44 | __main__                  | INFO     | Test Accuracy:    63.31%
2026-05-26 16:50:44 | __main__                  | INFO     | Brier score  — before calibration: 0.2151  after: 0.2189
2026-05-26 16:50:44 | __main__                  | INFO     | Mean CV Accuracy: 63.66% ± 1.98%
2026-05-26 16:51:20 | __main__                  | INFO     | Sample prediction — Actual: Red | Predicted: Red (57.7%)
2026-05-26 16:51:20 | __main__                  | INFO     | Saving model artifacts to C:\Users\35193\Projects\ufc-predictor\models…
2026-05-26 16:51:20 | __main__                  | INFO     | Saved: logistic_regression.joblib, lr_scaler.joblib, lr_features.joblib
2026-05-26 16:51:30 | __main__                  | INFO     | Loading ML dataset from C:\Users\35193\Projects\ufc-predictor\ML_models\ufc_ml_data_with_debuts_and_elo.csv…
2026-05-26 16:51:30 | __main__                  | INFO     | Fetching finish methods from database…
2026-05-26 16:51:30 | __main__                  | INFO     | Dropped 23 rows with unmapped finish method (DQ, Overturned, etc.)
2026-05-26 16:51:30 | __main__                  | INFO     | Finish dataset: 8167 rows
2026-05-26 16:51:30 | __main__                  | INFO     | Class distribution: {'Decision': np.int64(3829), 'KO/TKO': np.int64(2719), 'Submission': np.int64(1619)}
2026-05-26 16:51:30 | __main__                  | INFO     | Running 5-fold TimeSeriesSplit CV for finish-type model…
2026-05-26 16:51:31 | __main__                  | INFO     |   Fold 1: 43.79%
2026-05-26 16:51:32 | __main__                  | INFO     |   Fold 2: 49.01%
2026-05-26 16:51:34 | __main__                  | INFO     |   Fold 3: 49.52%
2026-05-26 16:51:35 | __main__                  | INFO     |   Fold 4: 46.80%
2026-05-26 16:51:37 | __main__                  | INFO     |   Fold 5: 51.21%
2026-05-26 16:51:37 | __main__                  | INFO     | CV Mean: 48.07%  ± 2.56%
2026-05-26 16:51:37 | __main__                  | INFO     | Training finish-type XGBoost on 6533 samples…
2026-05-26 16:51:39 | __main__                  | INFO     | Test Accuracy: 50.12%
2026-05-26 16:51:39 | __main__                  | INFO     | Mean CV Accuracy: 48.07% ± 2.56%
2026-05-26 16:51:59 | __main__                  | INFO     | Saving finish-type model to C:\Users\35193\Projects\ufc-predictor\models\finish_type.joblib…
2026-05-26 16:51:59 | __main__                  | INFO     | Saved: finish_type.joblib, finish_type_features.joblib
2026-05-26 16:53:06 | __main__                  | INFO     | Computing current ELO ratings…
2026-05-26 16:53:06 | __main__                  | INFO     | Computing recent form…
2026-05-26 16:53:53 | ELO_calculator            | INFO     | Calculating ELO ratings for 8337 fights…
2026-05-26 16:53:53 | ELO_calculator            | INFO     | ELO calculation complete.
2026-05-26 16:53:53 | ELO_calculator            | INFO     | Calculating ELO ratings for 8337 fights…
2026-05-26 16:53:54 | ELO_calculator            | INFO     | ELO calculation complete.
2026-05-26 16:53:54 | ELO_calculator            | INFO     | Calculating ELO ratings for 8337 fights…
2026-05-26 16:53:54 | ELO_calculator            | INFO     | ELO calculation complete.
2026-05-26 16:53:54 | ELO_calculator            | INFO     | Computing current ELO ratings for 8337 fights…
2026-05-26 16:53:54 | ELO_calculator            | INFO     | Current ratings computed for 2611 fighters.
2026-05-26 16:53:54 | ELO_calculator            | INFO     | Computing current ELO ratings for 8337 fights…
2026-05-26 16:53:55 | ELO_calculator            | INFO     | Current ratings computed for 2611 fighters.
2026-05-26 17:04:13 | __main__                  | INFO     | Connecting to database: C:\Users\35193\Projects\ufc-predictor\database_builder_files\ufc_v2.db
2026-05-26 17:04:13 | __main__                  | INFO     | Querying fight data…
2026-05-26 17:04:13 | __main__                  | INFO     | Raw fight data shape: (8190, 114)
2026-05-26 17:04:13 | __main__                  | INFO     | Building ELO features…
2026-05-26 17:04:13 | ML_models.ELO_calculator  | INFO     | Calculating per-division ELO ratings for 8337 fights…
2026-05-26 17:04:13 | ML_models.ELO_calculator  | INFO     | ELO calculation complete.
2026-05-26 17:04:13 | __main__                  | INFO     | Computing recent form (window=3)…
2026-05-26 17:04:15 | __main__                  | INFO     | Computing 54 difference features…
2026-05-26 17:04:16 | __main__                  | INFO     | Adding age features…
2026-05-26 17:04:16 | __main__                  | INFO     | Adding style features…
2026-05-26 17:04:16 | __main__                  | INFO     | Adding division one-hot features…
2026-05-26 17:04:16 | __main__                  | INFO     | Final ML dataset shape: (8190, 77)
2026-05-26 17:04:16 | __main__                  | INFO     | Saving dataset to: C:\Users\35193\Projects\ufc-predictor\ML_models\ufc_ml_data_with_debuts_and_elo.csv
2026-05-26 17:04:16 | __main__                  | INFO     | Done. 8190 rows, 77 columns.
2026-05-26 17:04:16 | __main__                  | INFO     | New feature columns (19): ['recent_win_rate_diff', 'recent_finish_rate_diff', 'age_diff', 'grapple_ratio_diff', 'strike_ratio_diff', 'wrestler_vs_striker', 'div_womens_strawweight', 'div_womens_flyweight', 'div_womens_bantamweight', 'div_womens_featherweight', 'div_flyweight', 'div_bantamweight', 'div_featherweight', 'div_lightweight', 'div_welterweight', 'div_middleweight', 'div_light_heavyweight', 'div_heavyweight', 'title_fight']
2026-05-26 17:04:42 | __main__                  | INFO     | Loading data from C:\Users\35193\Projects\ufc-predictor\ML_models\ufc_ml_data_with_debuts_and_elo.csv…
2026-05-26 17:04:42 | __main__                  | INFO     | Loaded 8190 rows × 77 columns.
2026-05-26 17:04:42 | __main__                  | INFO     | Running 5-fold TimeSeriesSplit cross-validation…
2026-05-26 17:04:42 | __main__                  | INFO     |   Fold 1: 64.98%
2026-05-26 17:04:43 | __main__                  | INFO     |   Fold 2: 65.42%
2026-05-26 17:04:43 | __main__                  | INFO     |   Fold 3: 63.74%
2026-05-26 17:04:44 | __main__                  | INFO     |   Fold 4: 63.59%
2026-05-26 17:04:44 | __main__                  | INFO     |   Fold 5: 66.30%
2026-05-26 17:04:44 | __main__                  | INFO     | CV Mean: 64.81%  ± 1.03%
2026-05-26 17:04:44 | __main__                  | INFO     | Train: 6552 fights  (up to 2022-06-25)
2026-05-26 17:04:44 | __main__                  | INFO     | Test:  1638 fights  (from 2022-06-25)
2026-05-26 17:04:44 | __main__                  | INFO     | Training XGBoost model…
2026-05-26 17:04:45 | __main__                  | INFO     | Test Accuracy:    66.06%
2026-05-26 17:04:45 | __main__                  | INFO     | Mean CV Accuracy: 64.81% ± 1.03%
2026-05-26 17:04:58 | __main__                  | INFO     | Sample prediction — Actual: Red | Predicted: Red (54.1%)
2026-05-26 17:04:58 | __main__                  | INFO     | Saving model artifacts to C:\Users\35193\Projects\ufc-predictor\models…
2026-05-26 17:04:58 | __main__                  | INFO     | Saved: xgboost.joblib
2026-05-26 17:04:58 | __main__                  | INFO     | Saved: xgb_features.joblib
2026-05-26 17:05:58 | ELO_calculator            | INFO     | Calculating per-division ELO ratings for 8337 fights…
2026-05-26 17:05:59 | ELO_calculator            | INFO     | ELO calculation complete.
2026-05-26 17:05:59 | ELO_calculator            | INFO     | Calculating per-division ELO ratings for 8337 fights…
2026-05-26 17:05:59 | ELO_calculator            | INFO     | ELO calculation complete.
2026-05-26 17:05:59 | ELO_calculator            | INFO     | Calculating per-division ELO ratings for 8337 fights…
2026-05-26 17:05:59 | ELO_calculator            | INFO     | ELO calculation complete.
2026-05-26 17:05:59 | ELO_calculator            | INFO     | Computing global ELO ratings for 8337 fights…
2026-05-26 17:06:00 | ELO_calculator            | INFO     | Global ratings computed for 2611 fighters.
2026-05-26 17:06:00 | ELO_calculator            | INFO     | Computing global ELO ratings for 8337 fights…
2026-05-26 17:06:00 | ELO_calculator            | INFO     | Global ratings computed for 2611 fighters.
2026-05-26 17:06:01 | ML_models.ELO_calculator  | INFO     | Calculating per-division ELO ratings for 8337 fights…
2026-05-26 17:06:02 | ML_models.ELO_calculator  | INFO     | ELO calculation complete.
2026-05-26 17:07:07 | ELO_calculator            | INFO     | Calculating per-division ELO ratings for 8337 fights…
2026-05-26 17:07:07 | ELO_calculator            | INFO     | ELO calculation complete.
2026-05-26 17:07:07 | ELO_calculator            | INFO     | Calculating per-division ELO ratings for 8337 fights…
2026-05-26 17:07:08 | ELO_calculator            | INFO     | ELO calculation complete.
2026-05-26 17:07:08 | ELO_calculator            | INFO     | Calculating per-division ELO ratings for 8337 fights…
2026-05-26 17:07:08 | ELO_calculator            | INFO     | ELO calculation complete.
2026-05-26 17:07:08 | ELO_calculator            | INFO     | Computing global ELO ratings for 8337 fights…
2026-05-26 17:07:08 | ELO_calculator            | INFO     | Global ratings computed for 2611 fighters.
2026-05-26 17:07:08 | ELO_calculator            | INFO     | Computing global ELO ratings for 8337 fights…
2026-05-26 17:07:09 | ELO_calculator            | INFO     | Global ratings computed for 2611 fighters.
2026-05-26 17:07:10 | ML_models.ELO_calculator  | INFO     | Calculating per-division ELO ratings for 8337 fights…
2026-05-26 17:07:10 | ML_models.ELO_calculator  | INFO     | ELO calculation complete.
2026-05-26 17:08:18 | ELO_calculator            | INFO     | Calculating per-division ELO ratings for 8337 fights…
2026-05-26 17:08:18 | ELO_calculator            | INFO     | ELO calculation complete.
2026-05-26 17:08:18 | ELO_calculator            | INFO     | Calculating per-division ELO ratings for 8337 fights…
2026-05-26 17:08:18 | ELO_calculator            | INFO     | ELO calculation complete.
2026-05-26 17:08:18 | ELO_calculator            | INFO     | Calculating per-division ELO ratings for 8337 fights…
2026-05-26 17:08:19 | ELO_calculator            | INFO     | ELO calculation complete.
2026-05-26 17:08:19 | ELO_calculator            | INFO     | Computing global ELO ratings for 8337 fights…
2026-05-26 17:08:19 | ELO_calculator            | INFO     | Global ratings computed for 2611 fighters.
2026-05-26 17:08:19 | ELO_calculator            | INFO     | Computing global ELO ratings for 8337 fights…
2026-05-26 17:08:20 | ELO_calculator            | INFO     | Global ratings computed for 2611 fighters.
2026-05-26 17:08:21 | ML_models.ELO_calculator  | INFO     | Calculating per-division ELO ratings for 8337 fights…
2026-05-26 17:08:21 | ML_models.ELO_calculator  | INFO     | ELO calculation complete.
2026-05-26 17:10:30 | __main__                  | INFO     | Loading data from C:\Users\35193\Projects\ufc-predictor\ML_models\ufc_ml_data_with_debuts_and_elo.csv…
2026-05-26 17:10:30 | __main__                  | INFO     | Loaded 8190 rows × 77 columns.
2026-05-26 17:10:30 | __main__                  | INFO     | Hyperparameter tuning mode — this may take several minutes.
2026-05-26 17:10:30 | __main__                  | INFO     | Starting Optuna hyperparameter search (50 trials)…
2026-05-26 17:11:35 | __main__                  | INFO     | Loading data from C:\Users\35193\Projects\ufc-predictor\ML_models\ufc_ml_data_with_debuts_and_elo.csv…
2026-05-26 17:11:35 | __main__                  | INFO     | Loaded 8190 rows × 77 columns.
2026-05-26 17:11:35 | __main__                  | INFO     | Hyperparameter tuning mode — this may take several minutes.
2026-05-26 17:11:36 | __main__                  | INFO     | Starting Optuna hyperparameter search (50 trials)…
2026-05-26 17:15:29 | __main__                  | INFO     | Best CV accuracy: 65.08%
2026-05-26 17:15:29 | __main__                  | INFO     | Best params: {'n_estimators': 367, 'learning_rate': 0.028729557070420964, 'max_depth': 4, 'subsample': 0.6631483643328494, 'colsample_bytree': 0.7104482624313493, 'min_child_weight': 9, 'gamma': 1.6732920692388813, 'reg_alpha': 0.15386131574143763, 'reg_lambda': 2.9686856825800425, 'random_state': 42}
2026-05-26 17:15:29 | __main__                  | INFO     | Running 5-fold TimeSeriesSplit cross-validation…
2026-05-26 17:15:30 | __main__                  | INFO     |   Fold 1: 64.47%
2026-05-26 17:15:31 | __main__                  | INFO     |   Fold 2: 67.03%
2026-05-26 17:15:32 | __main__                  | INFO     |   Fold 3: 62.93%
2026-05-26 17:15:32 | __main__                  | INFO     |   Fold 4: 64.32%
2026-05-26 17:15:34 | __main__                  | INFO     |   Fold 5: 66.67%
2026-05-26 17:15:34 | __main__                  | INFO     | CV Mean: 65.08%  ± 1.54%
2026-05-26 17:15:34 | __main__                  | INFO     | Train: 6552 fights  (up to 2022-06-25)
2026-05-26 17:15:34 | __main__                  | INFO     | Test:  1638 fights  (from 2022-06-25)
2026-05-26 17:15:34 | __main__                  | INFO     | Training XGBoost model…
2026-05-26 17:15:35 | __main__                  | INFO     | Test Accuracy:    65.75%
2026-05-26 17:15:35 | __main__                  | INFO     | Mean CV Accuracy: 65.08% ± 1.54%
2026-05-26 17:16:05 | __main__                  | INFO     | Sample prediction — Actual: Red | Predicted: Red (50.6%)
2026-05-26 17:16:05 | __main__                  | INFO     | Saving model artifacts to C:\Users\35193\Projects\ufc-predictor\models…
2026-05-26 17:16:05 | __main__                  | INFO     | Saved: xgboost.joblib
2026-05-26 17:16:05 | __main__                  | INFO     | Saved: xgb_features.joblib
2026-05-26 17:18:19 | __main__                  | INFO     | Connecting to database: C:\Users\35193\Projects\ufc-predictor\database_builder_files\ufc_v2.db
2026-05-26 17:18:19 | __main__                  | INFO     | Querying fight data…
2026-05-26 17:18:19 | __main__                  | INFO     | Raw fight data shape: (8190, 114)
2026-05-26 17:18:19 | __main__                  | INFO     | Imputing debutant stats with division-average prior…
2026-05-26 17:18:19 | __main__                  | INFO     |   848 red-corner debutants found — imputing with division prior.
2026-05-26 17:21:25 | __main__                  | INFO     | Connecting to database: C:\Users\35193\Projects\ufc-predictor\database_builder_files\ufc_v2.db
2026-05-26 17:21:25 | __main__                  | INFO     | Querying fight data…
2026-05-26 17:21:25 | __main__                  | INFO     | Raw fight data shape: (8190, 114)
2026-05-26 17:21:25 | __main__                  | INFO     | Imputing debutant stats with division-average prior…
2026-05-26 17:21:25 | __main__                  | INFO     |   848 red-corner debutants — imputing with division prior.
2026-05-26 17:21:42 | __main__                  | INFO     | Connecting to database: C:\Users\35193\Projects\ufc-predictor\database_builder_files\ufc_v2.db
2026-05-26 17:21:42 | __main__                  | INFO     | Querying fight data…
2026-05-26 17:21:42 | __main__                  | INFO     | Raw fight data shape: (8190, 114)
2026-05-26 17:21:42 | __main__                  | INFO     | Imputing debutant stats with division-average prior…
2026-05-26 17:21:42 | __main__                  | INFO     |   848 red-corner debutants — imputing with division prior.
2026-05-26 17:31:09 | __main__                  | INFO     | Connecting to database: C:\Users\35193\Projects\ufc-predictor\database_builder_files\ufc_v2.db
2026-05-26 17:31:09 | __main__                  | INFO     | Querying fight data…
2026-05-26 17:31:09 | __main__                  | INFO     | Raw fight data shape: (8190, 114)
2026-05-26 17:31:09 | __main__                  | INFO     | Imputing debutant stats with division-average prior…
2026-05-26 17:31:09 | __main__                  | INFO     |   848 red-corner debutants — imputing with division prior.
2026-05-26 17:31:09 | __main__                  | INFO     |   1716 blue-corner debutants — imputing with division prior.
2026-05-26 17:31:09 | __main__                  | INFO     | Building ELO features…
2026-05-26 17:31:09 | ML_models.ELO_calculator  | INFO     | Calculating per-division ELO ratings for 8337 fights…
2026-05-26 17:31:10 | ML_models.ELO_calculator  | INFO     | ELO calculation complete.
2026-05-26 17:31:10 | __main__                  | INFO     | Computing recent form (window=3)…
2026-05-26 17:31:12 | __main__                  | INFO     | Computing 54 difference features…
2026-05-26 17:31:12 | __main__                  | INFO     | Adding age features…
2026-05-26 17:31:12 | __main__                  | INFO     | Adding style features…
2026-05-26 17:31:12 | __main__                  | INFO     | Adding division one-hot features…
2026-05-26 17:31:12 | __main__                  | INFO     | Final ML dataset shape: (8190, 77)
2026-05-26 17:31:12 | __main__                  | INFO     | Saving dataset to: C:\Users\35193\Projects\ufc-predictor\ML_models\ufc_ml_data_with_debuts_and_elo.csv
2026-05-26 17:31:12 | __main__                  | INFO     | Done. 8190 rows, 77 columns.
2026-05-26 17:31:12 | __main__                  | INFO     | New feature columns (19): ['recent_win_rate_diff', 'recent_finish_rate_diff', 'age_diff', 'grapple_ratio_diff', 'strike_ratio_diff', 'wrestler_vs_striker', 'div_womens_strawweight', 'div_womens_flyweight', 'div_womens_bantamweight', 'div_womens_featherweight', 'div_flyweight', 'div_bantamweight', 'div_featherweight', 'div_lightweight', 'div_welterweight', 'div_middleweight', 'div_light_heavyweight', 'div_heavyweight', 'title_fight']
2026-05-26 17:31:28 | __main__                  | INFO     | Loading data from C:\Users\35193\Projects\ufc-predictor\ML_models\ufc_ml_data_with_debuts_and_elo.csv…
2026-05-26 17:31:28 | __main__                  | INFO     | Loaded 8190 rows × 77 columns.
2026-05-26 17:31:28 | __main__                  | INFO     | Running 5-fold TimeSeriesSplit cross-validation…
2026-05-26 17:31:28 | __main__                  | INFO     |   Fold 1: 61.61%
2026-05-26 17:31:29 | __main__                  | INFO     |   Fold 2: 63.15%
2026-05-26 17:31:30 | __main__                  | INFO     |   Fold 3: 62.34%
2026-05-26 17:31:31 | __main__                  | INFO     |   Fold 4: 62.78%
2026-05-26 17:31:31 | __main__                  | INFO     |   Fold 5: 63.44%
2026-05-26 17:31:31 | __main__                  | INFO     | CV Mean: 62.67%  ± 0.64%
2026-05-26 17:31:31 | __main__                  | INFO     | Train: 6552 fights  (up to 2022-06-25)
2026-05-26 17:31:31 | __main__                  | INFO     | Test:  1638 fights  (from 2022-06-25)
2026-05-26 17:31:31 | __main__                  | INFO     | Training XGBoost model…
2026-05-26 17:31:32 | __main__                  | INFO     | Test Accuracy:    63.37%
2026-05-26 17:31:32 | __main__                  | INFO     | Mean CV Accuracy: 62.67% ± 0.64%
2026-05-26 17:31:40 | __main__                  | INFO     | Sample prediction — Actual: Red | Predicted: Red (59.1%)
2026-05-26 17:31:40 | __main__                  | INFO     | Saving model artifacts to C:\Users\35193\Projects\ufc-predictor\models…
2026-05-26 17:31:40 | __main__                  | INFO     | Saved: xgboost.joblib
2026-05-26 17:31:40 | __main__                  | INFO     | Saved: xgb_features.joblib
2026-05-26 17:32:42 | __main__                  | INFO     | Connecting to database: C:\Users\35193\Projects\ufc-predictor\database_builder_files\ufc_v2.db
2026-05-26 17:32:42 | __main__                  | INFO     | Querying fight data…
2026-05-26 17:32:42 | __main__                  | INFO     | Raw fight data shape: (8190, 114)
2026-05-26 17:32:42 | __main__                  | INFO     | Building ELO features…
2026-05-26 17:32:42 | ML_models.ELO_calculator  | INFO     | Calculating per-division ELO ratings for 8337 fights…
2026-05-26 17:32:42 | ML_models.ELO_calculator  | INFO     | ELO calculation complete.
2026-05-26 17:32:42 | __main__                  | INFO     | Computing recent form (window=3)…
2026-05-26 17:32:44 | __main__                  | INFO     | Computing 54 difference features…
2026-05-26 17:32:45 | __main__                  | INFO     | Adding age features…
2026-05-26 17:32:45 | __main__                  | INFO     | Adding style features…
2026-05-26 17:32:45 | __main__                  | INFO     | Adding division one-hot features…
2026-05-26 17:32:45 | __main__                  | INFO     | Final ML dataset shape: (8190, 77)
2026-05-26 17:32:45 | __main__                  | INFO     | Saving dataset to: C:\Users\35193\Projects\ufc-predictor\ML_models\ufc_ml_data_with_debuts_and_elo.csv
2026-05-26 17:32:45 | __main__                  | INFO     | Done. 8190 rows, 77 columns.
2026-05-26 17:32:45 | __main__                  | INFO     | New feature columns (19): ['recent_win_rate_diff', 'recent_finish_rate_diff', 'age_diff', 'grapple_ratio_diff', 'strike_ratio_diff', 'wrestler_vs_striker', 'div_womens_strawweight', 'div_womens_flyweight', 'div_womens_bantamweight', 'div_womens_featherweight', 'div_flyweight', 'div_bantamweight', 'div_featherweight', 'div_lightweight', 'div_welterweight', 'div_middleweight', 'div_light_heavyweight', 'div_heavyweight', 'title_fight']
2026-05-26 17:32:48 | __main__                  | INFO     | Loading data from C:\Users\35193\Projects\ufc-predictor\ML_models\ufc_ml_data_with_debuts_and_elo.csv…
2026-05-26 17:32:48 | __main__                  | INFO     | Loaded 8190 rows × 77 columns.
2026-05-26 17:32:48 | __main__                  | INFO     | Running 5-fold TimeSeriesSplit cross-validation…
2026-05-26 17:32:48 | __main__                  | INFO     |   Fold 1: 63.66%
2026-05-26 17:32:49 | __main__                  | INFO     |   Fold 2: 67.03%
2026-05-26 17:32:49 | __main__                  | INFO     |   Fold 3: 62.93%
2026-05-26 17:32:50 | __main__                  | INFO     |   Fold 4: 64.40%
2026-05-26 17:32:51 | __main__                  | INFO     |   Fold 5: 65.79%
2026-05-26 17:32:51 | __main__                  | INFO     | CV Mean: 64.76%  ± 1.48%
2026-05-26 17:32:51 | __main__                  | INFO     | Train: 6552 fights  (up to 2022-06-25)
2026-05-26 17:32:51 | __main__                  | INFO     | Test:  1638 fights  (from 2022-06-25)
2026-05-26 17:32:51 | __main__                  | INFO     | Training XGBoost model…
2026-05-26 17:32:52 | __main__                  | INFO     | Test Accuracy:    66.36%
2026-05-26 17:32:52 | __main__                  | INFO     | Mean CV Accuracy: 64.76% ± 1.48%
2026-05-26 17:32:57 | __main__                  | INFO     | Sample prediction — Actual: Red | Predicted: Red (53.8%)
2026-05-26 17:32:57 | __main__                  | INFO     | Saving model artifacts to C:\Users\35193\Projects\ufc-predictor\models…
2026-05-26 17:32:57 | __main__                  | INFO     | Saved: xgboost.joblib
2026-05-26 17:32:57 | __main__                  | INFO     | Saved: xgb_features.joblib
2026-05-26 17:33:49 | __main__                  | INFO     | Loading ML dataset from C:\Users\35193\Projects\ufc-predictor\ML_models\ufc_ml_data_with_debuts_and_elo.csv…
2026-05-26 17:33:49 | __main__                  | INFO     | Loaded 8190 rows.
2026-05-26 17:33:50 | __main__                  | INFO     | Scoring full dataset…
2026-05-26 17:34:57 | __main__                  | INFO     | Loading ML dataset from C:\Users\35193\Projects\ufc-predictor\ML_models\ufc_ml_data_with_debuts_and_elo.csv…
2026-05-26 17:34:57 | __main__                  | INFO     | Loaded 8190 rows.
2026-05-26 17:34:58 | __main__                  | INFO     | Scoring full dataset…
2026-05-26 17:38:23 | __main__                  | INFO     | Computing current ELO ratings…
2026-05-26 17:38:23 | ML_models.ELO_calculator  | INFO     | Computing per-division ELO ratings for 8337 fights…
2026-05-26 17:38:23 | ML_models.ELO_calculator  | INFO     | Per-division ratings computed for 3771 (fighter, division) pairs.
2026-05-26 17:38:23 | __main__                  | INFO     | Computing recent form…
2026-05-26 17:38:38 | __main__                  | INFO     | Computing current ELO ratings…
2026-05-26 17:38:38 | ML_models.ELO_calculator  | INFO     | Computing per-division ELO ratings for 8337 fights…
2026-05-26 17:38:38 | ML_models.ELO_calculator  | INFO     | Per-division ratings computed for 3771 (fighter, division) pairs.
2026-05-26 17:38:38 | __main__                  | INFO     | Computing recent form…
2026-05-26 17:41:23 | ELO_calculator            | INFO     | Calculating per-division ELO ratings for 8337 fights…
2026-05-26 17:41:24 | ELO_calculator            | INFO     | ELO calculation complete.
2026-05-26 17:41:24 | ELO_calculator            | INFO     | Calculating per-division ELO ratings for 8337 fights…
2026-05-26 17:41:24 | ELO_calculator            | INFO     | ELO calculation complete.
2026-05-26 17:41:24 | ELO_calculator            | INFO     | Calculating per-division ELO ratings for 8337 fights…
2026-05-26 17:41:24 | ELO_calculator            | INFO     | ELO calculation complete.
2026-05-26 17:41:24 | ELO_calculator            | INFO     | Computing global ELO ratings for 8337 fights…
2026-05-26 17:41:25 | ELO_calculator            | INFO     | Global ratings computed for 2611 fighters.
2026-05-26 17:41:25 | ELO_calculator            | INFO     | Computing global ELO ratings for 8337 fights…
2026-05-26 17:41:25 | ELO_calculator            | INFO     | Global ratings computed for 2611 fighters.
2026-05-26 17:41:26 | ML_models.ELO_calculator  | INFO     | Calculating per-division ELO ratings for 8337 fights…
2026-05-26 17:41:27 | ML_models.ELO_calculator  | INFO     | ELO calculation complete.
